2023-10-27 04:21:22,558 INFO [main] o.a.n.b.NotificationServiceManager Successfully loaded the following 0 services: []
2023-10-27 04:21:22,562 INFO [main] org.apache.nifi.bootstrap.RunNiFi Registered no Notification Services for Notification Type NIFI_STARTED
2023-10-27 04:21:22,563 INFO [main] org.apache.nifi.bootstrap.RunNiFi Registered no Notification Services for Notification Type NIFI_STOPPED
2023-10-27 04:21:22,564 INFO [main] org.apache.nifi.bootstrap.RunNiFi Registered no Notification Services for Notification Type NIFI_DIED
2023-10-27 04:21:22,567 INFO [main] org.apache.nifi.bootstrap.RunNiFi Runtime Java version: 11.0.17
2023-10-27 04:21:22,585 INFO [main] org.apache.nifi.bootstrap.Command Starting Apache NiFi...
2023-10-27 04:21:22,586 INFO [main] org.apache.nifi.bootstrap.Command Working Directory: /opt/nifi/nifi-current
2023-10-27 04:21:22,587 INFO [main] org.apache.nifi.bootstrap.Command Command: /opt/java/openjdk/bin/java -classpath /opt/nifi/nifi-current/./conf:/opt/nifi/nifi-current/./lib/javax.servlet-api-3.1.0.jar:/opt/nifi/nifi-current/./lib/log4j-over-slf4j-1.7.36.jar:/opt/nifi/nifi-current/./lib/logback-classic-1.2.11.jar:/opt/nifi/nifi-current/./lib/jetty-schemas-5.2.jar:/opt/nifi/nifi-current/./lib/jul-to-slf4j-1.7.36.jar:/opt/nifi/nifi-current/./lib/nifi-framework-api-1.19.0.jar:/opt/nifi/nifi-current/./lib/slf4j-api-1.7.36.jar:/opt/nifi/nifi-current/./lib/logback-core-1.2.11.jar:/opt/nifi/nifi-current/./lib/nifi-runtime-1.19.0.jar:/opt/nifi/nifi-current/./lib/nifi-stateless-bootstrap-1.19.0.jar:/opt/nifi/nifi-current/./lib/nifi-stateless-api-1.19.0.jar:/opt/nifi/nifi-current/./lib/nifi-nar-utils-1.19.0.jar:/opt/nifi/nifi-current/./lib/jcl-over-slf4j-1.7.36.jar:/opt/nifi/nifi-current/./lib/nifi-api-1.19.0.jar:/opt/nifi/nifi-current/./lib/nifi-property-utils-1.19.0.jar:/opt/nifi/nifi-current/./lib/nifi-server-api-1.19.0.jar:/opt/nifi/nifi-current/./lib/nifi-properties-1.19.0.jar:/opt/nifi/nifi-current/./lib/java11/jakarta.activation-api-1.2.2.jar:/opt/nifi/nifi-current/./lib/java11/jakarta.activation-1.2.2.jar:/opt/nifi/nifi-current/./lib/java11/javax.annotation-api-1.3.2.jar:/opt/nifi/nifi-current/./lib/java11/jaxb-runtime-2.3.5.jar:/opt/nifi/nifi-current/./lib/java11/jakarta.xml.bind-api-2.3.3.jar:/opt/nifi/nifi-current/./lib/java11/txw2-2.3.5.jar:/opt/nifi/nifi-current/./lib/java11/istack-commons-runtime-3.0.12.jar -Dorg.apache.jasper.compiler.disablejsr199=true -Xmx512m -Xms512m -Dcurator-log-only-first-connection-issue-as-error-level=true -Djavax.security.auth.useSubjectCredsOnly=true -Djava.security.egd=file:/dev/urandom -Dzookeeper.admin.enableServer=false -Dsun.net.http.allowRestrictedHeaders=true -Djava.net.preferIPv4Stack=true -Djava.awt.headless=true -Djava.protocol.handler.pkgs=sun.net.www.protocol -Dnifi.properties.file.path=/opt/nifi/nifi-current/./conf/nifi.properties -Dnifi.bootstrap.listen.port=39929 -Dapp=NiFi -Dorg.apache.nifi.bootstrap.config.log.dir=/opt/nifi/nifi-current/logs org.apache.nifi.NiFi 
2023-10-27 04:21:22,686 INFO [main] org.apache.nifi.bootstrap.Command Launched Apache NiFi with Process ID 90
2023-10-27 04:21:23,116 INFO [NiFi Bootstrap Command Listener] org.apache.nifi.bootstrap.RunNiFi Apache NiFi now running and listening for Bootstrap requests on port 42177
2023-10-27 04:21:35,854 ERROR [NiFi logging handler] org.apache.nifi.StdErr Warning: Nashorn engine is planned to be removed from a future JDK release
2023-10-27 04:21:38,238 ERROR [NiFi logging handler] org.apache.nifi.StdErr Warning: Nashorn engine is planned to be removed from a future JDK release
2023-10-27 04:21:38,253 ERROR [NiFi logging handler] org.apache.nifi.StdErr Warning: Nashorn engine is planned to be removed from a future JDK release
2023-10-27 04:21:38,268 ERROR [NiFi logging handler] org.apache.nifi.StdErr Warning: Nashorn engine is planned to be removed from a future JDK release
2023-10-27 04:21:38,462 ERROR [NiFi logging handler] org.apache.nifi.StdErr Warning: Nashorn engine is planned to be removed from a future JDK release
2023-10-27 04:21:38,476 ERROR [NiFi logging handler] org.apache.nifi.StdErr Warning: Nashorn engine is planned to be removed from a future JDK release
2023-10-27 04:21:38,487 ERROR [NiFi logging handler] org.apache.nifi.StdErr Warning: Nashorn engine is planned to be removed from a future JDK release
2023-10-27 04:21:38,528 ERROR [NiFi logging handler] org.apache.nifi.StdErr Warning: Nashorn engine is planned to be removed from a future JDK release
2023-10-27 04:21:38,887 ERROR [NiFi logging handler] org.apache.nifi.StdErr Warning: Nashorn engine is planned to be removed from a future JDK release
2023-10-27 04:29:16,404 ERROR [NiFi logging handler] org.apache.nifi.StdErr WARNING: An illegal reflective access operation has occurred
2023-10-27 04:29:16,405 ERROR [NiFi logging handler] org.apache.nifi.StdErr WARNING: Illegal reflective access by org.springframework.cglib.core.ReflectUtils (file:/opt/nifi/nifi-current/./work/nar/framework/nifi-framework-nar-1.19.0.nar-unpacked/NAR-INF/bundled-dependencies/spring-core-5.3.23.jar) to method java.lang.ClassLoader.defineClass(java.lang.String,byte[],int,int,java.security.ProtectionDomain)
2023-10-27 04:29:16,407 ERROR [NiFi logging handler] org.apache.nifi.StdErr WARNING: Please consider reporting this to the maintainers of org.springframework.cglib.core.ReflectUtils
2023-10-27 04:29:16,408 ERROR [NiFi logging handler] org.apache.nifi.StdErr WARNING: Use --illegal-access=warn to enable warnings of further illegal reflective access operations
2023-10-27 04:29:16,408 ERROR [NiFi logging handler] org.apache.nifi.StdErr WARNING: All illegal access operations will be denied in a future release
2023-10-27 04:45:12,788 INFO [main] o.a.n.b.NotificationServiceManager Successfully loaded the following 0 services: []
2023-10-27 04:45:12,791 INFO [main] org.apache.nifi.bootstrap.RunNiFi Registered no Notification Services for Notification Type NIFI_STARTED
2023-10-27 04:45:12,792 INFO [main] org.apache.nifi.bootstrap.RunNiFi Registered no Notification Services for Notification Type NIFI_STOPPED
2023-10-27 04:45:12,793 INFO [main] org.apache.nifi.bootstrap.RunNiFi Registered no Notification Services for Notification Type NIFI_DIED
2023-10-27 04:45:12,810 INFO [main] org.apache.nifi.bootstrap.Command Apache NiFi has accepted the Shutdown Command and is shutting down now
2023-10-27 04:45:12,885 INFO [main] org.apache.nifi.bootstrap.Command NiFi PID [90] shutdown in progress...
2023-10-27 04:45:14,888 INFO [main] org.apache.nifi.bootstrap.Command NiFi PID [90] shutdown completed
2023-10-27 04:45:15,008 INFO [main] org.apache.nifi.bootstrap.RunNiFi Status File no longer exists. Will not restart NiFi
2023-10-27 04:45:46,093 INFO [main] o.a.n.b.NotificationServiceManager Successfully loaded the following 0 services: []
2023-10-27 04:45:46,097 INFO [main] org.apache.nifi.bootstrap.RunNiFi Registered no Notification Services for Notification Type NIFI_STARTED
2023-10-27 04:45:46,097 INFO [main] org.apache.nifi.bootstrap.RunNiFi Registered no Notification Services for Notification Type NIFI_STOPPED
2023-10-27 04:45:46,098 INFO [main] org.apache.nifi.bootstrap.RunNiFi Registered no Notification Services for Notification Type NIFI_DIED
2023-10-27 04:45:46,102 INFO [main] org.apache.nifi.bootstrap.RunNiFi Runtime Java version: 11.0.17
2023-10-27 04:45:46,120 INFO [main] org.apache.nifi.bootstrap.Command Starting Apache NiFi...
2023-10-27 04:45:46,122 INFO [main] org.apache.nifi.bootstrap.Command Working Directory: /opt/nifi/nifi-current
2023-10-27 04:45:46,123 INFO [main] org.apache.nifi.bootstrap.Command Command: /opt/java/openjdk/bin/java -classpath /opt/nifi/nifi-current/./conf:/opt/nifi/nifi-current/./lib/javax.servlet-api-3.1.0.jar:/opt/nifi/nifi-current/./lib/log4j-over-slf4j-1.7.36.jar:/opt/nifi/nifi-current/./lib/logback-classic-1.2.11.jar:/opt/nifi/nifi-current/./lib/jetty-schemas-5.2.jar:/opt/nifi/nifi-current/./lib/jul-to-slf4j-1.7.36.jar:/opt/nifi/nifi-current/./lib/nifi-framework-api-1.19.0.jar:/opt/nifi/nifi-current/./lib/slf4j-api-1.7.36.jar:/opt/nifi/nifi-current/./lib/logback-core-1.2.11.jar:/opt/nifi/nifi-current/./lib/nifi-runtime-1.19.0.jar:/opt/nifi/nifi-current/./lib/nifi-stateless-bootstrap-1.19.0.jar:/opt/nifi/nifi-current/./lib/nifi-stateless-api-1.19.0.jar:/opt/nifi/nifi-current/./lib/nifi-nar-utils-1.19.0.jar:/opt/nifi/nifi-current/./lib/jcl-over-slf4j-1.7.36.jar:/opt/nifi/nifi-current/./lib/nifi-api-1.19.0.jar:/opt/nifi/nifi-current/./lib/nifi-property-utils-1.19.0.jar:/opt/nifi/nifi-current/./lib/nifi-server-api-1.19.0.jar:/opt/nifi/nifi-current/./lib/nifi-properties-1.19.0.jar:/opt/nifi/nifi-current/./lib/java11/jakarta.activation-api-1.2.2.jar:/opt/nifi/nifi-current/./lib/java11/jakarta.activation-1.2.2.jar:/opt/nifi/nifi-current/./lib/java11/javax.annotation-api-1.3.2.jar:/opt/nifi/nifi-current/./lib/java11/jaxb-runtime-2.3.5.jar:/opt/nifi/nifi-current/./lib/java11/jakarta.xml.bind-api-2.3.3.jar:/opt/nifi/nifi-current/./lib/java11/txw2-2.3.5.jar:/opt/nifi/nifi-current/./lib/java11/istack-commons-runtime-3.0.12.jar -Dorg.apache.jasper.compiler.disablejsr199=true -Xmx512m -Xms512m -Dcurator-log-only-first-connection-issue-as-error-level=true -Djavax.security.auth.useSubjectCredsOnly=true -Djava.security.egd=file:/dev/urandom -Dzookeeper.admin.enableServer=false -Dsun.net.http.allowRestrictedHeaders=true -Djava.net.preferIPv4Stack=true -Djava.awt.headless=true -Djava.protocol.handler.pkgs=sun.net.www.protocol -Dnifi.properties.file.path=/opt/nifi/nifi-current/./conf/nifi.properties -Dnifi.bootstrap.listen.port=43191 -Dapp=NiFi -Dorg.apache.nifi.bootstrap.config.log.dir=/opt/nifi/nifi-current/logs org.apache.nifi.NiFi 
2023-10-27 04:45:46,234 INFO [main] org.apache.nifi.bootstrap.Command Launched Apache NiFi with Process ID 89
2023-10-27 04:45:46,670 INFO [NiFi Bootstrap Command Listener] org.apache.nifi.bootstrap.RunNiFi Apache NiFi now running and listening for Bootstrap requests on port 40483
2023-10-27 04:46:19,291 ERROR [NiFi logging handler] org.apache.nifi.StdErr WARNING: An illegal reflective access operation has occurred
2023-10-27 04:46:19,292 ERROR [NiFi logging handler] org.apache.nifi.StdErr WARNING: Illegal reflective access by org.springframework.cglib.core.ReflectUtils (file:/opt/nifi/nifi-current/./work/nar/framework/nifi-framework-nar-1.19.0.nar-unpacked/NAR-INF/bundled-dependencies/spring-core-5.3.23.jar) to method java.lang.ClassLoader.defineClass(java.lang.String,byte[],int,int,java.security.ProtectionDomain)
2023-10-27 04:46:19,293 ERROR [NiFi logging handler] org.apache.nifi.StdErr WARNING: Please consider reporting this to the maintainers of org.springframework.cglib.core.ReflectUtils
2023-10-27 04:46:19,294 ERROR [NiFi logging handler] org.apache.nifi.StdErr WARNING: Use --illegal-access=warn to enable warnings of further illegal reflective access operations
2023-10-27 04:46:19,296 ERROR [NiFi logging handler] org.apache.nifi.StdErr WARNING: All illegal access operations will be denied in a future release
2023-10-27 04:51:07,608 INFO [main] o.a.n.b.NotificationServiceManager Successfully loaded the following 0 services: []
2023-10-27 04:51:07,611 INFO [main] org.apache.nifi.bootstrap.RunNiFi Registered no Notification Services for Notification Type NIFI_STARTED
2023-10-27 04:51:07,612 INFO [main] org.apache.nifi.bootstrap.RunNiFi Registered no Notification Services for Notification Type NIFI_STOPPED
2023-10-27 04:51:07,613 INFO [main] org.apache.nifi.bootstrap.RunNiFi Registered no Notification Services for Notification Type NIFI_DIED
2023-10-27 04:51:07,632 INFO [main] org.apache.nifi.bootstrap.Command Apache NiFi has accepted the Shutdown Command and is shutting down now
2023-10-27 04:51:07,727 INFO [main] org.apache.nifi.bootstrap.Command NiFi PID [89] shutdown in progress...
2023-10-27 04:51:09,730 INFO [main] org.apache.nifi.bootstrap.Command NiFi PID [89] shutdown completed
2023-10-27 04:51:10,311 INFO [main] org.apache.nifi.bootstrap.RunNiFi Status File no longer exists. Will not restart NiFi
